#
# There is insufficient memory for the Java Runtime Environment to continue.
# Native memory allocation (mmap) failed to map 132120576 bytes for Failed to commit area from 0x0000000083200000 to 0x000000008b000000 of length 132120576.
# Possible reasons:
#   The system is out of physical RAM or swap space
#   The process is running with CompressedOops enabled, and the Java Heap may be blocking the growth of the native heap
# Possible solutions:
#   Reduce memory load on the system
#   Increase physical memory or swap space
#   Check if swap backing store is full
#   Decrease Java heap size (-Xmx/-Xms)
#   Decrease number of Java threads
#   Decrease Java thread stack sizes (-Xss)
#   Set larger code cache with -XX:ReservedCodeCacheSize=
# This output file may be truncated or incomplete.
#
#  Out of Memory Error (./src/hotspot/os/windows/os_windows.cpp:3301), pid=3840, tid=3036
#
# JRE version:  (11.0.11+9) (build )
# Java VM: OpenJDK 64-Bit Server VM (11.0.11+9-b60-7590822, mixed mode, sharing, tiered, compressed oops, g1 gc, windows-amd64)
# No core dump will be written. Minidumps are not enabled by default on client versions of Windows
#

---------------  S U M M A R Y ------------

Command Line: org.jetbrains.kotlin.cli.jvm.K2JVMCompiler @C:\Users\geren\AndroidStudioProjects\MyApplicationKotlin\app\build\20220202_2982749728640757714.compiler.options

Host: Intel(R) Core(TM) i5-6300HQ CPU @ 2.30GHz, 4 cores, 7G,  Windows 10 , 64 bit Build 19041 (10.0.19041.1466)
Time: Wed Feb  2 18:54:14 2022 Финляндия (зима) elapsed time: 0.013192 seconds (0d 0h 0m 0s)

---------------  T H R E A D  ---------------

Current thread (0x00000272e02ad800):  JavaThread "Unknown thread" [_thread_in_vm, id=3036, stack(0x000000e5a8400000,0x000000e5a8500000)]

Stack: [0x000000e5a8400000,0x000000e5a8500000]
Native frames: (J=compiled Java code, j=interpreted, Vv=VM code, C=native code)
V  [jvm.dll+0x5f214a]
V  [jvm.dll+0x726fb5]
V  [jvm.dll+0x7285cd]
V  [jvm.dll+0x728c83]
V  [jvm.dll+0x243278]
V  [jvm.dll+0x5ef544]
V  [jvm.dll+0x5e4495]
V  [jvm.dll+0x2fec5b]
V  [jvm.dll+0x2febca]
V  [jvm.dll+0x2feaa2]
V  [jvm.dll+0x303986]
V  [jvm.dll+0x34c3a3]
V  [jvm.dll+0x34caa6]
V  [jvm.dll+0x34c4a3]
V  [jvm.dll+0x2d9688]
V  [jvm.dll+0x2da837]
V  [jvm.dll+0x705ba7]
V  [jvm.dll+0x70739c]
V  [jvm.dll+0x3598f9]
V  [jvm.dll+0x6e931e]
V  [jvm.dll+0x3c1c43]
V  [jvm.dll+0x3c3e81]
C  [jli.dll+0x5373]
C  [ucrtbase.dll+0x21bb2]
C  [KERNEL32.DLL+0x17034]
C  [ntdll.dll+0x52651]


---------------  P R O C E S S  ---------------

Threads class SMR info:
_java_thread_list=0x00000272de215d40, length=0, elements={
}

Java Threads: ( => current thread )

Other Threads:
  0x00000272e02c6000 GCTaskThread "GC Thread#0" [stack: 0x000000e5a8500000,0x000000e5a8600000] [id=11892]
  0x00000272e02f5000 ConcurrentGCThread "G1 Main Marker" [stack: 0x000000e5a8600000,0x000000e5a8700000] [id=7460]
  0x00000272e02f7800 ConcurrentGCThread "G1 Conc#0" [stack: 0x000000e5a8700000,0x000000e5a8800000] [id=3784]

[error occurred during error reporting (printing all threads), id 0xc0000005, EXCEPTION_ACCESS_VIOLATION (0xc0000005) at pc=0x00007ffce7b69c47]

VM state:not at safepoint (not fully initialized)

VM Mutex/Monitor currently owned by a thread:  ([mutex/lock_event])
[0x00000272e02a8da0] Heap_lock - owner thread: 0x00000272e02ad800

Heap address: 0x0000000083200000, size: 1998 MB, Compressed Oops mode: Non-zero based: 0x0000000083200000
Narrow klass base: 0x0000000000000000, Narrow klass shift: 0

GC Heap History (0 events):
No events

Deoptimization events (0 events):
No events

Classes redefined (0 events):
No events

Internal exceptions (0 events):
No events

Events (1 events):
Event: 0.008 Loaded shared library C:\Program Files\Android\Android Studio\jre\bin\zip.dll


Dynamic libraries:
0x00007ff62aed0000 - 0x00007ff62aeda000 	C:\Program Files\Android\Android Studio\jre\bin\java.exe
0x00007ffd2b750000 - 0x00007ffd2b945000 	C:\WINDOWS\SYSTEM32\ntdll.dll
0x00007ffd2b3f0000 - 0x00007ffd2b4ae000 	C:\WINDOWS\System32\KERNEL32.DLL
0x00007ffd29110000 - 0x00007ffd293d8000 	C:\WINDOWS\System32\KERNELBASE.dll
0x00007ffd29690000 - 0x00007ffd29790000 	C:\WINDOWS\System32\ucrtbase.dll
0x00007ffd23480000 - 0x00007ffd23497000 	C:\Program Files\Android\Android Studio\jre\bin\VCRUNTIME140.dll
0x00007ffd23260000 - 0x00007ffd23279000 	C:\Program Files\Android\Android Studio\jre\bin\jli.dll
0x00007ffd2acc0000 - 0x00007ffd2ae61000 	C:\WINDOWS\System32\USER32.dll
0x00007ffd15970000 - 0x00007ffd15c0a000 	C:\WINDOWS\WinSxS\amd64_microsoft.windows.common-controls_6595b64144ccf1df_6.0.19041.1110_none_60b5254171f9507e\COMCTL32.dll
0x00007ffd29090000 - 0x00007ffd290b2000 	C:\WINDOWS\System32\win32u.dll
0x00007ffd2b2c0000 - 0x00007ffd2b2eb000 	C:\WINDOWS\System32\GDI32.dll
0x00007ffd2b2f0000 - 0x00007ffd2b38e000 	C:\WINDOWS\System32\msvcrt.dll
0x00007ffd29440000 - 0x00007ffd2954d000 	C:\WINDOWS\System32\gdi32full.dll
0x00007ffd28ff0000 - 0x00007ffd2908d000 	C:\WINDOWS\System32\msvcp_win.dll
0x00007ffd299f0000 - 0x00007ffd29a20000 	C:\WINDOWS\System32\IMM32.DLL
0x00007ffd20e70000 - 0x00007ffd20f0d000 	C:\Program Files\Android\Android Studio\jre\bin\msvcp140.dll
0x00007ffce7880000 - 0x00007ffce8355000 	C:\Program Files\Android\Android Studio\jre\bin\server\jvm.dll
0x00007ffd29870000 - 0x00007ffd2991e000 	C:\WINDOWS\System32\ADVAPI32.dll
0x00007ffd2aaf0000 - 0x00007ffd2ab8c000 	C:\WINDOWS\System32\sechost.dll
0x00007ffd29a20000 - 0x00007ffd29b45000 	C:\WINDOWS\System32\RPCRT4.dll
0x00007ffd2a1e0000 - 0x00007ffd2a1e8000 	C:\WINDOWS\System32\PSAPI.DLL
0x00007ffd0ca70000 - 0x00007ffd0ca79000 	C:\WINDOWS\SYSTEM32\WSOCK32.dll
0x00007ffd15c10000 - 0x00007ffd15c37000 	C:\WINDOWS\SYSTEM32\WINMM.dll
0x00007ffd1fda0000 - 0x00007ffd1fdaa000 	C:\WINDOWS\SYSTEM32\VERSION.dll
0x00007ffd2b5e0000 - 0x00007ffd2b64b000 	C:\WINDOWS\System32\WS2_32.dll
0x00007ffd276c0000 - 0x00007ffd276d2000 	C:\WINDOWS\SYSTEM32\kernel.appcore.dll
0x00007ffd232b0000 - 0x00007ffd232c1000 	C:\Program Files\Android\Android Studio\jre\bin\verify.dll
0x00007ffd26ab0000 - 0x00007ffd26c94000 	C:\WINDOWS\SYSTEM32\DBGHELP.DLL
0x00007ffd06180000 - 0x00007ffd061ac000 	C:\WINDOWS\SYSTEM32\dbgcore.DLL
0x00007ffd29600000 - 0x00007ffd29682000 	C:\WINDOWS\System32\bcryptPrimitives.dll
0x00007ffd23280000 - 0x00007ffd232a9000 	C:\Program Files\Android\Android Studio\jre\bin\java.dll
0x00007ffd26260000 - 0x00007ffd2626b000 	C:\Program Files\Android\Android Studio\jre\bin\jimage.dll
0x00007ffd23140000 - 0x00007ffd23158000 	C:\Program Files\Android\Android Studio\jre\bin\zip.dll

dbghelp: loaded successfully - version: 4.0.5 - missing functions: none
symbol engine: initialized successfully - sym options: 0x614 - pdb path: .;C:\Program Files\Android\Android Studio\jre\bin;C:\WINDOWS\SYSTEM32;C:\WINDOWS\WinSxS\amd64_microsoft.windows.common-controls_6595b64144ccf1df_6.0.19041.1110_none_60b5254171f9507e;C:\Program Files\Android\Android Studio\jre\bin\server

VM Arguments:
java_command: org.jetbrains.kotlin.cli.jvm.K2JVMCompiler @C:\Users\geren\AndroidStudioProjects\MyApplicationKotlin\app\build\20220202_2982749728640757714.compiler.options
java_class_path (initial): C:\Users\geren\AndroidStudioProjects\Traffic_light\caches\modules-2\files-2.1\org.jetbrains.kotlin\kotlin-compiler-embeddable\1.6.10\88f2073f4020cdb83132cfe940ceb9a60aba54ea\kotlin-compiler-embeddable-1.6.10.jar;C:\Users\geren\AndroidStudioProjects\Traffic_light\caches\modules-2\files-2.1\org.jetbrains.kotlin\kotlin-reflect\1.6.10\1cbe9c92c12a94eea200d23c2bbaedaf3daf5132\kotlin-reflect-1.6.10.jar;C:\Users\geren\AndroidStudioProjects\Traffic_light\caches\modules-2\files-2.1\org.jetbrains.kotlin\kotlin-stdlib\1.6.10\b8af3fe6f1ca88526914929add63cf5e7c5049af\kotlin-stdlib-1.6.10.jar;C:\Users\geren\AndroidStudioProjects\Traffic_light\caches\modules-2\files-2.1\org.jetbrains.kotlin\kotlin-script-runtime\1.6.10\d0a7ff2e2500ef497ed0214ae40ad3c8387a6164\kotlin-script-runtime-1.6.10.jar;C:\Users\geren\AndroidStudioProjects\Traffic_light\caches\modules-2\files-2.1\org.jetbrains.kotlin\kotlin-daemon-embeddable\1.6.10\a56d79bcbea411fa6058e4ecffc2de73e742bd2a\kotlin-daemon-embeddable-1.6.10.jar;C:\Users\geren\AndroidStudioProjects\Traffic_light\caches\modules-2\files-2.1\org.jetbrains.intellij.deps\trove4j\1.0.20181211\216c2e14b070f334479d800987affe4054cd563f\trove4j-1.0.20181211.jar;C:\Users\geren\AndroidStudioProjects\Traffic_light\caches\modules-2\files-2.1\net.java.dev.jna\jna\5.6.0\330f2244e9030119ab3030fc3fededc86713d9cc\jna-5.6.0.jar;C:\Users\geren\AndroidStudioProjects\Traffic_light\caches\modules-2\files-2.1\org.jetbrains\annotations\13.0\919f0dfe192fb4e063e7dacadee7f8bb9a2672a9\annotations-13.0.jar;C:\Users\geren\AndroidStudioProjects\Traffic_light\caches\modules-2\files-2.1\org.jetbrains.kotlin\kotlin-stdlib-common\1.6.10\c118700e3a33c8a0d9adc920e9dec0831171925\kotlin-stdlib-common-1.6.10.jar
Launcher Type: SUN_STANDARD

[Global flags]
     intx CICompilerCount                          = 3                                         {product} {ergonomic}
     uint ConcGCThreads                            = 1                                         {product} {ergonomic}
     uint G1ConcRefinementThreads                  = 4                                         {product} {ergonomic}
   size_t G1HeapRegionSize                         = 1048576                                   {product} {ergonomic}
    uintx GCDrainStackTargetSize                   = 64                                        {product} {ergonomic}
   size_t InitialHeapSize                          = 132120576                                 {product} {ergonomic}
   size_t MarkStackSize                            = 4194304                                   {product} {ergonomic}
   size_t MaxHeapSize                              = 2095054848                                {product} {ergonomic}
   size_t MinHeapDeltaBytes                        = 1048576                                   {product} {ergonomic}
    uintx NonNMethodCodeHeapSize                   = 5830732                                {pd product} {ergonomic}
    uintx NonProfiledCodeHeapSize                  = 122913754                              {pd product} {ergonomic}
    uintx ProfiledCodeHeapSize                     = 122913754                              {pd product} {ergonomic}
    uintx ReservedCodeCacheSize                    = 251658240                              {pd product} {ergonomic}
     bool SegmentedCodeCache                       = true                                      {product} {ergonomic}
     bool UseCompressedClassPointers               = true                                 {lp64_product} {ergonomic}
     bool UseCompressedOops                        = true                                 {lp64_product} {ergonomic}
     bool UseG1GC                                  = true                                      {product} {ergonomic}
     bool UseLargePagesIndividualAllocation        = false                                  {pd product} {ergonomic}

Logging:
Log output configuration:
 #0: stdout all=warning uptime,level,tags
 #1: stderr all=off uptime,level,tags

Environment Variables:
PATH=C:\Program Files\Common Files\Oracle\Java\javapath;C:\Program Files (x86)\Intel\iCLS Client\;C:\Program Files\Intel\iCLS Client\;C:\Windows\system32;C:\Windows;C:\Windows\System32\Wbem;C:\Windows\System32\WindowsPowerShell\v1.0\;C:\Program Files (x86)\Intel\Intel(R) Management Engine Components\DAL;C:\Program Files\Intel\Intel(R) Management Engine Components\DAL;C:\Program Files (x86)\Intel\Intel(R) Management Engine Components\IPT;C:\Program Files\Intel\Intel(R) Management Engine Components\IPT;C:\Program Files\Intel\WiFi\bin\;C:\Program Files\Common Files\Intel\WirelessCommon\;C:\WINDOWS\system32;C:\WINDOWS;C:\WINDOWS\System32\Wbem;C:\WINDOWS\System32\WindowsPowerShell\v1.0\;C:\WINDOWS\System32\OpenSSH\;C:\Program Files (x86)\NVIDIA Corporation\PhysX\Common;C:\WINDOWS\system32;C:\WINDOWS;C:\WINDOWS\System32\Wbem;C:\WINDOWS\System32\WindowsPowerShell\v1.0\;C:\WINDOWS\System32\OpenSSH\;C:\Program Files\Git\cmd;C:\Program Files\Java\jdk-15.0.1\bin;C:\Users\geren\AppData\Local\Programs\Python\Python38-32\Scripts\;C:\Users\geren\AppData\Local\Programs\Python\Python38-32\;C:\Python3.7.4\Scripts\;C:\Python3.7.4\;C:\Python3.8.0\Scripts\;C:\Python3.8.0\;C:\Users\geren\AppData\Local\Microsoft\WindowsApps;C:\Program Files\Intel\WiFi\bin\;C:\Program Files\Common Files\Intel\WirelessCommon\;C:\Users\geren\AppData\Local\GitHubDesktop\bin;C:\Program Files\JetBrains\IntelliJ IDEA Community Edition 2020.3\bin;C:\Program Files\JetBrains\PyCharm Community Edition 2020.3.1\bin;C:\ProgramData\geren\GitHubDesktop\bin
USERNAME=geren
OS=Windows_NT
PROCESSOR_IDENTIFIER=Intel64 Family 6 Model 94 Stepping 3, GenuineIntel



---------------  S Y S T E M  ---------------

OS: Windows 10 , 64 bit Build 19041 (10.0.19041.1466)
OS uptime: 1 days 3:14 hours

CPU:total 4 (initial active 4) (4 cores per cpu, 1 threads per core) family 6 model 94 stepping 3 microcode 0xcc, cmov, cx8, fxsr, mmx, sse, sse2, sse3, ssse3, sse4.1, sse4.2, popcnt, avx, avx2, aes, clmul, erms, rtm, 3dnowpref, lzcnt, tsc, tscinvbit, bmi1, bmi2, adx, fma

Memory: 4k page, system-wide physical 7986M (746M free)
TotalPageFile size 9786M (AvailPageFile size 30M)
current process WorkingSet (physical memory assigned to process): 9M, peak: 9M
current process commit charge ("private bytes"): 51M, peak: 177M

vm_info: OpenJDK 64-Bit Server VM (11.0.11+9-b60-7590822) for windows-amd64 JRE (11.0.11+9-b60-7590822), built on Jul 29 2021 21:43:44 by "builder" with MS VC++ 14.0 (VS2015)

END.
